2026-05-20 14:00:45.083: [INFO][Sync] Reset engine, reason: 8
2026-05-20 14:00:45.083: [INFO][Sync] Stopped: Bookmarks
2026-05-20 14:00:45.083: [INFO][Sync] Stopped: Preferences
2026-05-20 14:00:45.083: [INFO][Sync] Stopped: Passwords
2026-05-20 14:00:45.083: [INFO][Sync] Stopped: Autofill Profiles
2026-05-20 14:00:45.083: [INFO][Sync] Stopped: Autofill
2026-05-20 14:00:45.083: [INFO][Sync] Stopped: Extensions
2026-05-20 14:00:45.083: [INFO][Sync] Stopped: Sessions
2026-05-20 14:00:45.083: [INFO][Sync] Stopped: Extension settings
2026-05-20 14:00:45.083: [INFO][Sync] Stopped: History Delete Directives
2026-05-20 14:00:45.083: [INFO][Sync] Stopped: Device Info
2026-05-20 14:00:45.083: [INFO][Sync] Stopped: User Consents
2026-05-20 14:00:45.083: [INFO][Sync] Stopped: Send Tab To Self
2026-05-20 14:00:45.083: [INFO][Sync] Stopped: Web Apps
2026-05-20 14:00:45.083: [INFO][Sync] Stopped: History
2026-05-20 14:00:45.083: [INFO][Sync] Stopped: Saved Tab Group
2026-05-20 14:00:45.083: [INFO][Sync] Stopped: WebAuthn Credentials
2026-05-20 14:00:45.083: [INFO][Sync] Stopped: Collection
2026-05-20 14:00:45.083: [INFO][Sync] Stopped: Edge E Drop
2026-05-20 14:00:45.083: [INFO][Sync] Stopped: Edge Hub App Usage
2026-05-20 14:00:45.083: [INFO][Sync] Stopped: Edge Wallet
2026-05-20 14:00:45.083: [INFO][Sync] Stopped: Edge Workspace
2026-05-20 14:00:45.083: [INFO][Sync] SyncState after authenticated was: NotSignedIn
2026-05-20 14:00:49.279: [INFO][Sync] Reset engine, reason: 8
2026-05-20 14:00:49.279: [INFO][Sync] Stopped: Bookmarks
2026-05-20 14:00:49.279: [INFO][Sync] Stopped: Preferences
2026-05-20 14:00:49.279: [INFO][Sync] Stopped: Passwords
2026-05-20 14:00:49.279: [INFO][Sync] Stopped: Autofill Profiles
2026-05-20 14:00:49.279: [INFO][Sync] Stopped: Autofill
2026-05-20 14:00:49.279: [INFO][Sync] Stopped: Extensions
2026-05-20 14:00:49.279: [INFO][Sync] Stopped: Sessions
2026-05-20 14:00:49.279: [INFO][Sync] Stopped: Extension settings
2026-05-20 14:00:49.279: [INFO][Sync] Stopped: History Delete Directives
2026-05-20 14:00:49.279: [INFO][Sync] Stopped: Device Info
2026-05-20 14:00:49.279: [INFO][Sync] Stopped: User Consents
2026-05-20 14:00:49.279: [INFO][Sync] Stopped: Send Tab To Self
2026-05-20 14:00:49.279: [INFO][Sync] Stopped: Web Apps
2026-05-20 14:00:49.279: [INFO][Sync] Stopped: History
2026-05-20 14:00:49.279: [INFO][Sync] Stopped: Saved Tab Group
2026-05-20 14:00:49.279: [INFO][Sync] Stopped: WebAuthn Credentials
2026-05-20 14:00:49.279: [INFO][Sync] Stopped: Collection
2026-05-20 14:00:49.279: [INFO][Sync] Stopped: Edge E Drop
2026-05-20 14:00:49.279: [INFO][Sync] Stopped: Edge Hub App Usage
2026-05-20 14:00:49.279: [INFO][Sync] Stopped: Edge Wallet
2026-05-20 14:00:49.279: [INFO][Sync] Stopped: Edge Workspace
2026-05-20 14:08:41.911: [INFO][Sync] Reset engine, reason: 0
2026-05-27 05:45:13.745: [INFO][Sync] Reset engine, reason: 8
2026-05-27 05:45:13.758: [INFO][Sync] Stopped: Bookmarks
2026-05-27 05:45:13.758: [INFO][Sync] Stopped: Preferences
2026-05-27 05:45:13.758: [INFO][Sync] Stopped: Passwords
2026-05-27 05:45:13.758: [INFO][Sync] Stopped: Autofill Profiles
2026-05-27 05:45:13.758: [INFO][Sync] Stopped: Autofill
2026-05-27 05:45:13.758: [INFO][Sync] Stopped: Extensions
2026-05-27 05:45:13.758: [INFO][Sync] Stopped: Sessions
2026-05-27 05:45:13.758: [INFO][Sync] Stopped: Extension settings
2026-05-27 05:45:13.758: [INFO][Sync] Stopped: History Delete Directives
2026-05-27 05:45:13.758: [INFO][Sync] Stopped: Device Info
2026-05-27 05:45:13.758: [INFO][Sync] Stopped: User Consents
2026-05-27 05:45:13.758: [INFO][Sync] Stopped: Send Tab To Self
2026-05-27 05:45:13.758: [INFO][Sync] Stopped: Web Apps
2026-05-27 05:45:13.758: [INFO][Sync] Stopped: History
2026-05-27 05:45:13.758: [INFO][Sync] Stopped: Saved Tab Group
2026-05-27 05:45:13.758: [INFO][Sync] Stopped: WebAuthn Credentials
2026-05-27 05:45:13.758: [INFO][Sync] Stopped: Collection
2026-05-27 05:45:13.758: [INFO][Sync] Stopped: Edge E Drop
2026-05-27 05:45:13.758: [INFO][Sync] Stopped: Edge Hub App Usage
2026-05-27 05:45:13.758: [INFO][Sync] Stopped: Edge Wallet
2026-05-27 05:45:13.758: [INFO][Sync] Stopped: Edge Workspace
2026-05-27 05:45:13.759: [INFO][Sync] SyncState after authenticated was: NotSignedIn
2026-05-27 05:45:15.810: [INFO][Sync] Reset engine, reason: 8
2026-05-27 05:45:15.810: [INFO][Sync] Stopped: Bookmarks
2026-05-27 05:45:15.810: [INFO][Sync] Stopped: Preferences
2026-05-27 05:45:15.810: [INFO][Sync] Stopped: Passwords
2026-05-27 05:45:15.810: [INFO][Sync] Stopped: Autofill Profiles
2026-05-27 05:45:15.810: [INFO][Sync] Stopped: Autofill
2026-05-27 05:45:15.811: [INFO][Sync] Stopped: Extensions
2026-05-27 05:45:15.811: [INFO][Sync] Stopped: Sessions
2026-05-27 05:45:15.811: [INFO][Sync] Stopped: Extension settings
2026-05-27 05:45:15.811: [INFO][Sync] Stopped: History Delete Directives
2026-05-27 05:45:15.811: [INFO][Sync] Stopped: Device Info
2026-05-27 05:45:15.811: [INFO][Sync] Stopped: User Consents
2026-05-27 05:45:15.811: [INFO][Sync] Stopped: Send Tab To Self
2026-05-27 05:45:15.811: [INFO][Sync] Stopped: Web Apps
2026-05-27 05:45:15.811: [INFO][Sync] Stopped: History
2026-05-27 05:45:15.811: [INFO][Sync] Stopped: Saved Tab Group
2026-05-27 05:45:15.811: [INFO][Sync] Stopped: WebAuthn Credentials
2026-05-27 05:45:15.811: [INFO][Sync] Stopped: Collection
2026-05-27 05:45:15.811: [INFO][Sync] Stopped: Edge E Drop
2026-05-27 05:45:15.811: [INFO][Sync] Stopped: Edge Hub App Usage
2026-05-27 05:45:15.811: [INFO][Sync] Stopped: Edge Wallet
2026-05-27 05:45:15.811: [INFO][Sync] Stopped: Edge Workspace
2026-05-27 05:47:28.589: [INFO][Sync] Reset engine, reason: 0
2026-05-27 05:48:19.176: [INFO][Sync] Reset engine, reason: 8
2026-05-27 05:48:19.176: [INFO][Sync] Stopped: Bookmarks
2026-05-27 05:48:19.176: [INFO][Sync] Stopped: Preferences
2026-05-27 05:48:19.176: [INFO][Sync] Stopped: Passwords
2026-05-27 05:48:19.176: [INFO][Sync] Stopped: Autofill Profiles
2026-05-27 05:48:19.176: [INFO][Sync] Stopped: Autofill
2026-05-27 05:48:19.176: [INFO][Sync] Stopped: Extensions
2026-05-27 05:48:19.176: [INFO][Sync] Stopped: Sessions
2026-05-27 05:48:19.176: [INFO][Sync] Stopped: Extension settings
2026-05-27 05:48:19.176: [INFO][Sync] Stopped: History Delete Directives
2026-05-27 05:48:19.176: [INFO][Sync] Stopped: Device Info
2026-05-27 05:48:19.176: [INFO][Sync] Stopped: User Consents
2026-05-27 05:48:19.176: [INFO][Sync] Stopped: Send Tab To Self
2026-05-27 05:48:19.176: [INFO][Sync] Stopped: Web Apps
2026-05-27 05:48:19.176: [INFO][Sync] Stopped: History
2026-05-27 05:48:19.176: [INFO][Sync] Stopped: Saved Tab Group
2026-05-27 05:48:19.176: [INFO][Sync] Stopped: WebAuthn Credentials
2026-05-27 05:48:19.177: [INFO][Sync] Stopped: Collection
2026-05-27 05:48:19.177: [INFO][Sync] Stopped: Edge E Drop
2026-05-27 05:48:19.177: [INFO][Sync] Stopped: Edge Hub App Usage
2026-05-27 05:48:19.177: [INFO][Sync] Stopped: Edge Wallet
2026-05-27 05:48:19.177: [INFO][Sync] Stopped: Edge Workspace
2026-05-27 05:48:19.177: [INFO][Sync] SyncState after authenticated was: NotSignedIn
2026-05-27 05:48:19.452: [INFO][Sync] Reset engine, reason: 8
2026-05-27 05:48:19.452: [INFO][Sync] Stopped: Bookmarks
2026-05-27 05:48:19.452: [INFO][Sync] Stopped: Preferences
2026-05-27 05:48:19.452: [INFO][Sync] Stopped: Passwords
2026-05-27 05:48:19.452: [INFO][Sync] Stopped: Autofill Profiles
2026-05-27 05:48:19.452: [INFO][Sync] Stopped: Autofill
2026-05-27 05:48:19.452: [INFO][Sync] Stopped: Extensions
2026-05-27 05:48:19.452: [INFO][Sync] Stopped: Sessions
2026-05-27 05:48:19.452: [INFO][Sync] Stopped: Extension settings
2026-05-27 05:48:19.452: [INFO][Sync] Stopped: History Delete Directives
2026-05-27 05:48:19.452: [INFO][Sync] Stopped: Device Info
2026-05-27 05:48:19.452: [INFO][Sync] Stopped: User Consents
2026-05-27 05:48:19.452: [INFO][Sync] Stopped: Send Tab To Self
2026-05-27 05:48:19.452: [INFO][Sync] Stopped: Web Apps
2026-05-27 05:48:19.452: [INFO][Sync] Stopped: History
2026-05-27 05:48:19.452: [INFO][Sync] Stopped: Saved Tab Group
2026-05-27 05:48:19.452: [INFO][Sync] Stopped: WebAuthn Credentials
2026-05-27 05:48:19.452: [INFO][Sync] Stopped: Collection
2026-05-27 05:48:19.452: [INFO][Sync] Stopped: Edge E Drop
2026-05-27 05:48:19.452: [INFO][Sync] Stopped: Edge Hub App Usage
2026-05-27 05:48:19.452: [INFO][Sync] Stopped: Edge Wallet
2026-05-27 05:48:19.452: [INFO][Sync] Stopped: Edge Workspace
2026-05-27 05:48:59.734: [INFO][Sync] Reset engine, reason: 0
2026-05-27 06:36:14.566: [INFO][Sync] Reset engine, reason: 8
2026-05-27 06:36:14.566: [INFO][Sync] Stopped: Bookmarks
2026-05-27 06:36:14.566: [INFO][Sync] Stopped: Preferences
2026-05-27 06:36:14.566: [INFO][Sync] Stopped: Passwords
2026-05-27 06:36:14.566: [INFO][Sync] Stopped: Autofill Profiles
2026-05-27 06:36:14.566: [INFO][Sync] Stopped: Autofill
2026-05-27 06:36:14.566: [INFO][Sync] Stopped: Extensions
2026-05-27 06:36:14.566: [INFO][Sync] Stopped: Sessions
2026-05-27 06:36:14.566: [INFO][Sync] Stopped: Extension settings
2026-05-27 06:36:14.566: [INFO][Sync] Stopped: History Delete Directives
2026-05-27 06:36:14.566: [INFO][Sync] Stopped: Device Info
2026-05-27 06:36:14.566: [INFO][Sync] Stopped: User Consents
2026-05-27 06:36:14.566: [INFO][Sync] Stopped: Send Tab To Self
2026-05-27 06:36:14.566: [INFO][Sync] Stopped: Web Apps
2026-05-27 06:36:14.566: [INFO][Sync] Stopped: History
2026-05-27 06:36:14.566: [INFO][Sync] Stopped: Saved Tab Group
2026-05-27 06:36:14.566: [INFO][Sync] Stopped: WebAuthn Credentials
2026-05-27 06:36:14.566: [INFO][Sync] Stopped: Collection
2026-05-27 06:36:14.566: [INFO][Sync] Stopped: Edge E Drop
2026-05-27 06:36:14.566: [INFO][Sync] Stopped: Edge Hub App Usage
2026-05-27 06:36:14.566: [INFO][Sync] Stopped: Edge Wallet
2026-05-27 06:36:14.566: [INFO][Sync] Stopped: Edge Workspace
2026-05-27 06:36:14.566: [INFO][Sync] SyncState after authenticated was: NotSignedIn
2026-05-27 06:36:15.019: [INFO][Sync] Reset engine, reason: 8
2026-05-27 06:36:15.019: [INFO][Sync] Stopped: Bookmarks
2026-05-27 06:36:15.019: [INFO][Sync] Stopped: Preferences
2026-05-27 06:36:15.019: [INFO][Sync] Stopped: Passwords
2026-05-27 06:36:15.019: [INFO][Sync] Stopped: Autofill Profiles
2026-05-27 06:36:15.019: [INFO][Sync] Stopped: Autofill
2026-05-27 06:36:15.019: [INFO][Sync] Stopped: Extensions
2026-05-27 06:36:15.019: [INFO][Sync] Stopped: Sessions
2026-05-27 06:36:15.019: [INFO][Sync] Stopped: Extension settings
2026-05-27 06:36:15.019: [INFO][Sync] Stopped: History Delete Directives
2026-05-27 06:36:15.019: [INFO][Sync] Stopped: Device Info
2026-05-27 06:36:15.019: [INFO][Sync] Stopped: User Consents
2026-05-27 06:36:15.019: [INFO][Sync] Stopped: Send Tab To Self
2026-05-27 06:36:15.019: [INFO][Sync] Stopped: Web Apps
2026-05-27 06:36:15.019: [INFO][Sync] Stopped: History
2026-05-27 06:36:15.019: [INFO][Sync] Stopped: Saved Tab Group
2026-05-27 06:36:15.019: [INFO][Sync] Stopped: WebAuthn Credentials
2026-05-27 06:36:15.019: [INFO][Sync] Stopped: Collection
2026-05-27 06:36:15.019: [INFO][Sync] Stopped: Edge E Drop
2026-05-27 06:36:15.019: [INFO][Sync] Stopped: Edge Hub App Usage
2026-05-27 06:36:15.019: [INFO][Sync] Stopped: Edge Wallet
2026-05-27 06:36:15.019: [INFO][Sync] Stopped: Edge Workspace
2026-05-27 06:40:18.849: [INFO][Sync] Reset engine, reason: 0
2026-05-27 06:40:55.372: [INFO][Sync] Reset engine, reason: 8
2026-05-27 06:40:55.372: [INFO][Sync] Stopped: Bookmarks
2026-05-27 06:40:55.372: [INFO][Sync] Stopped: Preferences
2026-05-27 06:40:55.372: [INFO][Sync] Stopped: Passwords
2026-05-27 06:40:55.372: [INFO][Sync] Stopped: Autofill Profiles
2026-05-27 06:40:55.372: [INFO][Sync] Stopped: Autofill
2026-05-27 06:40:55.372: [INFO][Sync] Stopped: Extensions
2026-05-27 06:40:55.372: [INFO][Sync] Stopped: Sessions
2026-05-27 06:40:55.372: [INFO][Sync] Stopped: Extension settings
2026-05-27 06:40:55.372: [INFO][Sync] Stopped: History Delete Directives
2026-05-27 06:40:55.372: [INFO][Sync] Stopped: Device Info
2026-05-27 06:40:55.372: [INFO][Sync] Stopped: User Consents
2026-05-27 06:40:55.372: [INFO][Sync] Stopped: Send Tab To Self
2026-05-27 06:40:55.372: [INFO][Sync] Stopped: Web Apps
2026-05-27 06:40:55.372: [INFO][Sync] Stopped: History
2026-05-27 06:40:55.372: [INFO][Sync] Stopped: Saved Tab Group
2026-05-27 06:40:55.372: [INFO][Sync] Stopped: WebAuthn Credentials
2026-05-27 06:40:55.372: [INFO][Sync] Stopped: Collection
2026-05-27 06:40:55.372: [INFO][Sync] Stopped: Edge E Drop
2026-05-27 06:40:55.372: [INFO][Sync] Stopped: Edge Hub App Usage
2026-05-27 06:40:55.372: [INFO][Sync] Stopped: Edge Wallet
2026-05-27 06:40:55.372: [INFO][Sync] Stopped: Edge Workspace
2026-05-27 06:40:55.372: [INFO][Sync] SyncState after authenticated was: NotSignedIn
2026-05-27 06:40:55.614: [INFO][Sync] Reset engine, reason: 8
2026-05-27 06:40:55.614: [INFO][Sync] Stopped: Bookmarks
2026-05-27 06:40:55.614: [INFO][Sync] Stopped: Preferences
2026-05-27 06:40:55.614: [INFO][Sync] Stopped: Passwords
2026-05-27 06:40:55.614: [INFO][Sync] Stopped: Autofill Profiles
2026-05-27 06:40:55.614: [INFO][Sync] Stopped: Autofill
2026-05-27 06:40:55.614: [INFO][Sync] Stopped: Extensions
2026-05-27 06:40:55.614: [INFO][Sync] Stopped: Sessions
2026-05-27 06:40:55.614: [INFO][Sync] Stopped: Extension settings
2026-05-27 06:40:55.614: [INFO][Sync] Stopped: History Delete Directives
2026-05-27 06:40:55.614: [INFO][Sync] Stopped: Device Info
2026-05-27 06:40:55.614: [INFO][Sync] Stopped: User Consents
2026-05-27 06:40:55.614: [INFO][Sync] Stopped: Send Tab To Self
2026-05-27 06:40:55.614: [INFO][Sync] Stopped: Web Apps
2026-05-27 06:40:55.614: [INFO][Sync] Stopped: History
2026-05-27 06:40:55.614: [INFO][Sync] Stopped: Saved Tab Group
2026-05-27 06:40:55.614: [INFO][Sync] Stopped: WebAuthn Credentials
2026-05-27 06:40:55.614: [INFO][Sync] Stopped: Collection
2026-05-27 06:40:55.614: [INFO][Sync] Stopped: Edge E Drop
2026-05-27 06:40:55.614: [INFO][Sync] Stopped: Edge Hub App Usage
2026-05-27 06:40:55.614: [INFO][Sync] Stopped: Edge Wallet
2026-05-27 06:40:55.614: [INFO][Sync] Stopped: Edge Workspace
2026-05-27 06:41:56.348: [INFO][Sync] Reset engine, reason: 0
2026-05-27 06:42:40.493: [INFO][Sync] Reset engine, reason: 8
2026-05-27 06:42:40.493: [INFO][Sync] Stopped: Bookmarks
2026-05-27 06:42:40.493: [INFO][Sync] Stopped: Preferences
2026-05-27 06:42:40.493: [INFO][Sync] Stopped: Passwords
2026-05-27 06:42:40.493: [INFO][Sync] Stopped: Autofill Profiles
2026-05-27 06:42:40.493: [INFO][Sync] Stopped: Autofill
2026-05-27 06:42:40.493: [INFO][Sync] Stopped: Extensions
2026-05-27 06:42:40.493: [INFO][Sync] Stopped: Sessions
2026-05-27 06:42:40.493: [INFO][Sync] Stopped: Extension settings
2026-05-27 06:42:40.493: [INFO][Sync] Stopped: History Delete Directives
2026-05-27 06:42:40.493: [INFO][Sync] Stopped: Device Info
2026-05-27 06:42:40.493: [INFO][Sync] Stopped: User Consents
2026-05-27 06:42:40.493: [INFO][Sync] Stopped: Send Tab To Self
2026-05-27 06:42:40.493: [INFO][Sync] Stopped: Web Apps
2026-05-27 06:42:40.493: [INFO][Sync] Stopped: History
2026-05-27 06:42:40.493: [INFO][Sync] Stopped: Saved Tab Group
2026-05-27 06:42:40.493: [INFO][Sync] Stopped: WebAuthn Credentials
2026-05-27 06:42:40.493: [INFO][Sync] Stopped: Collection
2026-05-27 06:42:40.493: [INFO][Sync] Stopped: Edge E Drop
2026-05-27 06:42:40.493: [INFO][Sync] Stopped: Edge Hub App Usage
2026-05-27 06:42:40.493: [INFO][Sync] Stopped: Edge Wallet
2026-05-27 06:42:40.493: [INFO][Sync] Stopped: Edge Workspace
2026-05-27 06:42:40.493: [INFO][Sync] SyncState after authenticated was: NotSignedIn
2026-05-27 06:42:40.681: [INFO][Sync] Reset engine, reason: 8
2026-05-27 06:42:40.681: [INFO][Sync] Stopped: Bookmarks
2026-05-27 06:42:40.681: [INFO][Sync] Stopped: Preferences
2026-05-27 06:42:40.681: [INFO][Sync] Stopped: Passwords
2026-05-27 06:42:40.681: [INFO][Sync] Stopped: Autofill Profiles
2026-05-27 06:42:40.681: [INFO][Sync] Stopped: Autofill
2026-05-27 06:42:40.681: [INFO][Sync] Stopped: Extensions
2026-05-27 06:42:40.681: [INFO][Sync] Stopped: Sessions
2026-05-27 06:42:40.681: [INFO][Sync] Stopped: Extension settings
2026-05-27 06:42:40.681: [INFO][Sync] Stopped: History Delete Directives
2026-05-27 06:42:40.681: [INFO][Sync] Stopped: Device Info
2026-05-27 06:42:40.681: [INFO][Sync] Stopped: User Consents
2026-05-27 06:42:40.681: [INFO][Sync] Stopped: Send Tab To Self
2026-05-27 06:42:40.681: [INFO][Sync] Stopped: Web Apps
2026-05-27 06:42:40.681: [INFO][Sync] Stopped: History
2026-05-27 06:42:40.681: [INFO][Sync] Stopped: Saved Tab Group
2026-05-27 06:42:40.681: [INFO][Sync] Stopped: WebAuthn Credentials
2026-05-27 06:42:40.681: [INFO][Sync] Stopped: Collection
2026-05-27 06:42:40.681: [INFO][Sync] Stopped: Edge E Drop
2026-05-27 06:42:40.681: [INFO][Sync] Stopped: Edge Hub App Usage
2026-05-27 06:42:40.681: [INFO][Sync] Stopped: Edge Wallet
2026-05-27 06:42:40.681: [INFO][Sync] Stopped: Edge Workspace
2026-05-27 06:54:11.634: [INFO][Sync] Reset engine, reason: 0
